[ 2012-08-01T18:36:06+08:00 ] SQL: SHOW COLUMNS FROM `location` [ RunTime:0.024042s ]
[ 2012-08-01T18:36:07+08:00 ] SQL: SHOW COLUMNS FROM `reservation` [ RunTime:0.037059s ]
[ 2012-08-01T18:36:07+08:00 ] NOTIC: [8] Undefined variable: asc IndexAction.class.php 第 62 行.
[ 2012-08-01T18:36:07+08:00 ] SQL: SHOW COLUMNS FROM `index` [ RunTime:0.024725s ]
[ 2012-08-01T18:36:07+08:00 ] NOTIC: [8] Array to string conversion Db.class.php 第 507 行.
[ 2012-08-01T18:36:07+08:00 ] SQL: SELECT COUNT(RESERVATION_ID) AS tp_count FROM `reservation` WHERE ( `CONFIRMATION` LIKE '%GONGSI-440304-1%' ) AND ( (`STATUS` != 'CONTRACT') AND (`STATUS` != 'CANCEL')  ) LIMIT 1  [ RunTime:0.027536s ]
[ 2012-08-01T18:36:07+08:00 ] NOTIC: [8] Array to string conversion Db.class.php 第 507 行.
[ 2012-08-01T18:36:07+08:00 ] SQL: SELECT reservation_id,right(CONFIRMATION,15) as confirmation,real_name,identity_code,work_phone,left(pickup_date,16) as pickup_date,left(return_date,16) as return_date,car_type_name,CAR_MODEL_NAME,status FROM `reservation` WHERE ( `CONFIRMATION` LIKE '%GONGSI-440304-1%' ) AND ( (`STATUS` != 'CONTRACT') AND (`STATUS` != 'CANCEL')  ) ORDER BY `RESERVATION_ID` desc LIMIT 0,30  [ RunTime:0.031564s ]
[ 2012-08-01T18:36:07+08:00 ] NOTIC: [2] urlencode() expects parameter 1 to be string, array given IndexAction.class.php 第 91 行.
[ 2012-08-01T18:36:07+08:00 ] NOTIC: [8] Undefined index:  real_name IndexAction.class.php 第 101 行.
[ 2012-08-01T18:36:07+08:00 ] NOTIC: [8] Undefined index:  pickup_date IndexAction.class.php 第 103 行.
[ 2012-08-01T18:36:07+08:00 ] NOTIC: [8] Undefined index:  identity_code IndexAction.class.php 第 104 行.
[ 2012-08-01T18:36:07+08:00 ] NOTIC: [8] Undefined variable: menu IndexAction.class.php 第 120 行.
[ 2012-08-01T18:36:07+08:00 ] SQL: SHOW COLUMNS FROM `reservationby` [ RunTime:0.020719s ]
[ 2012-08-01T18:36:07+08:00 ] SQL: SELECT * FROM `reservationby` [ RunTime:0.023753s ]
[ 2012-08-01T18:36:07+08:00 ] NOTIC: [8] Undefined index:  home_phone 0573c70d8602d961e53f714ea77bd87c.php 第 173 行.
[ 2012-08-01T18:36:07+08:00 ] NOTIC: [8] Undefined index:  home_phone 0573c70d8602d961e53f714ea77bd87c.php 第 173 行.
[ 2012-08-01T18:36:07+08:00 ] NOTIC: [8] Undefined index:  home_phone 0573c70d8602d961e53f714ea77bd87c.php 第 173 行.
[ 2012-08-01T18:36:07+08:00 ] NOTIC: [8] Undefined index:  home_phone 0573c70d8602d961e53f714ea77bd87c.php 第 173 行.
[ 2012-08-01T18:36:07+08:00 ] NOTIC: [8] Undefined index:  home_phone 0573c70d8602d961e53f714ea77bd87c.php 第 173 行.
[ 2012-08-01T18:36:09+08:00 ] DEBUG: Edit运行时间：0.679039
[ 2012-08-01T18:36:09+08:00 ] SQL: SHOW COLUMNS FROM `location` [ RunTime:0.028185s ]
[ 2012-08-01T18:36:09+08:00 ] SQL: SHOW COLUMNS FROM `reservation` [ RunTime:0.033325s ]
[ 2012-08-01T18:36:09+08:00 ] SQL: SELECT * FROM `reservation` WHERE reservation_id=9 LIMIT 1  [ RunTime:0.030778s ]
[ 2012-08-01T18:36:09+08:00 ] SQL: SHOW COLUMNS FROM `agreement` [ RunTime:0.059554s ]
[ 2012-08-01T18:36:09+08:00 ] SQL: SELECT * FROM `agreement` WHERE ( `agreement_id` = 'HT201208011339020' ) LIMIT 1  [ RunTime:0.035389s ]
[ 2012-08-01T18:36:09+08:00 ] SQL: SHOW COLUMNS FROM `uni_rate` [ RunTime:0.058907s ]
[ 2012-08-01T18:36:09+08:00 ] SQL: SELECT * FROM `uni_rate` WHERE ( `location_code` = 'GONGSI-440304-1' ) LIMIT 1  [ RunTime:0.079425s ]
[ 2012-08-01T18:36:09+08:00 ] SQL: SHOW COLUMNS FROM `vendor` [ RunTime:0.027616s ]
[ 2012-08-01T18:36:10+08:00 ] SQL: SELECT * FROM `vendor` WHERE ( `vendor_code` = 'W-GONGSI' ) LIMIT 1  [ RunTime:0.052253s ]
[ 2012-08-01T18:36:10+08:00 ] SQL: SHOW COLUMNS FROM `member_type` [ RunTime:0.026718s ]
[ 2012-08-01T18:36:10+08:00 ] SQL: SELECT * FROM `member_type` WHERE ( `member_type_id` = '11' ) LIMIT 1  [ RunTime:0.023589s ]
[ 2012-08-01T18:36:10+08:00 ] SQL: SHOW COLUMNS FROM `location_cartype_model` [ RunTime:0.027839s ]
[ 2012-08-01T18:36:10+08:00 ] SQL: SELECT * FROM `location_cartype_model` WHERE ( `CAR_MODEL_CODE` = 'BENCHIAMG-BENCHISJIAMG-3-6.0-AMT' ) AND ( `LOCATION_CODE` = 'GONGSI-440304-1' ) LIMIT 1  [ RunTime:0.059594s ]
[ 2012-08-01T18:36:10+08:00 ] SQL: 增值服务SQL：SELECT * FROM `uni_option` WHERE location_code='GONGSI-440304-1' and (rate_code='LOC' or rate_code is NULL) AND LEFT(NOW(),10)=START_DATE  and option_id not in (5,1)
[ 2012-08-01T18:37:24+08:00 ] SQL: SHOW COLUMNS FROM `location` [ RunTime:0.023946s ]
[ 2012-08-01T18:37:25+08:00 ] SQL: SHOW COLUMNS FROM `reservation` [ RunTime:0.684165s ]
[ 2012-08-01T18:37:25+08:00 ] NOTIC: [8] Undefined variable: asc IndexAction.class.php 第 62 行.
[ 2012-08-01T18:37:26+08:00 ] SQL: SHOW COLUMNS FROM `index` [ RunTime:0.313677s ]
[ 2012-08-01T18:37:26+08:00 ] NOTIC: [8] Array to string conversion Db.class.php 第 507 行.
[ 2012-08-01T18:37:26+08:00 ] SQL: SELECT COUNT(RESERVATION_ID) AS tp_count FROM `reservation` WHERE ( `CONFIRMATION` LIKE '%GONGSI-440304-1%' ) AND ( (`STATUS` != 'CONTRACT') AND (`STATUS` != 'CANCEL')  ) LIMIT 1  [ RunTime:0.239624s ]
[ 2012-08-01T18:37:26+08:00 ] NOTIC: [8] Array to string conversion Db.class.php 第 507 行.
[ 2012-08-01T18:37:26+08:00 ] SQL: SELECT reservation_id,right(CONFIRMATION,15) as confirmation,real_name,identity_code,work_phone,left(pickup_date,16) as pickup_date,left(return_date,16) as return_date,car_type_name,CAR_MODEL_NAME,status FROM `reservation` WHERE ( `CONFIRMATION` LIKE '%GONGSI-440304-1%' ) AND ( (`STATUS` != 'CONTRACT') AND (`STATUS` != 'CANCEL')  ) ORDER BY `RESERVATION_ID` desc LIMIT 0,30  [ RunTime:0.331478s ]
[ 2012-08-01T18:37:26+08:00 ] NOTIC: [2] urlencode() expects parameter 1 to be string, array given IndexAction.class.php 第 91 行.
[ 2012-08-01T18:37:26+08:00 ] NOTIC: [8] Undefined index:  real_name IndexAction.class.php 第 101 行.
[ 2012-08-01T18:37:26+08:00 ] NOTIC: [8] Undefined index:  pickup_date IndexAction.class.php 第 103 行.
[ 2012-08-01T18:37:26+08:00 ] NOTIC: [8] Undefined index:  identity_code IndexAction.class.php 第 104 行.
[ 2012-08-01T18:37:26+08:00 ] NOTIC: [8] Undefined variable: menu IndexAction.class.php 第 120 行.
[ 2012-08-01T18:37:27+08:00 ] SQL: SHOW COLUMNS FROM `reservationby` [ RunTime:0.272316s ]
[ 2012-08-01T18:37:27+08:00 ] SQL: SELECT * FROM `reservationby` [ RunTime:0.099794s ]
[ 2012-08-01T18:37:27+08:00 ] NOTIC: [8] Undefined index:  home_phone 0573c70d8602d961e53f714ea77bd87c.php 第 173 行.
[ 2012-08-01T18:37:27+08:00 ] NOTIC: [8] Undefined index:  home_phone 0573c70d8602d961e53f714ea77bd87c.php 第 173 行.
[ 2012-08-01T18:37:27+08:00 ] NOTIC: [8] Undefined index:  home_phone 0573c70d8602d961e53f714ea77bd87c.php 第 173 行.
[ 2012-08-01T18:37:27+08:00 ] NOTIC: [8] Undefined index:  home_phone 0573c70d8602d961e53f714ea77bd87c.php 第 173 行.
[ 2012-08-01T18:37:27+08:00 ] NOTIC: [8] Undefined index:  home_phone 0573c70d8602d961e53f714ea77bd87c.php 第 173 行.
[ 2012-08-01T18:37:35+08:00 ] DEBUG: Edit运行时间：5.525219
[ 2012-08-01T18:37:31+08:00 ] SQL: SHOW COLUMNS FROM `location` [ RunTime:0.199898s ]
[ 2012-08-01T18:37:33+08:00 ] SQL: SHOW COLUMNS FROM `reservation` [ RunTime:0.325224s ]
[ 2012-08-01T18:37:33+08:00 ] SQL: SELECT * FROM `reservation` WHERE reservation_id=8 LIMIT 1  [ RunTime:0.354634s ]
[ 2012-08-01T18:37:34+08:00 ] SQL: SHOW COLUMNS FROM `agreement` [ RunTime:0.331755s ]
[ 2012-08-01T18:37:34+08:00 ] SQL: SELECT * FROM `agreement` WHERE ( `agreement_id` = 'HT201208011057015' ) LIMIT 1  [ RunTime:0.347485s ]
[ 2012-08-01T18:37:34+08:00 ] SQL: SHOW COLUMNS FROM `uni_rate` [ RunTime:0.358898s ]
[ 2012-08-01T18:37:35+08:00 ] SQL: SELECT * FROM `uni_rate` WHERE ( `location_code` = 'GONGSI-440304-1' ) LIMIT 1  [ RunTime:0.352289s ]
[ 2012-08-01T18:37:35+08:00 ] SQL: SHOW COLUMNS FROM `vendor` [ RunTime:0.333354s ]
[ 2012-08-01T18:37:35+08:00 ] SQL: SELECT * FROM `vendor` WHERE ( `vendor_code` = 'W-GONGSI' ) LIMIT 1  [ RunTime:0.332753s ]
[ 2012-08-01T18:37:36+08:00 ] SQL: SHOW COLUMNS FROM `member_type` [ RunTime:0.354524s ]
[ 2012-08-01T18:37:36+08:00 ] SQL: SELECT * FROM `member_type` WHERE ( `member_type_id` = '11' ) LIMIT 1  [ RunTime:0.411575s ]
[ 2012-08-01T18:37:37+08:00 ] SQL: SHOW COLUMNS FROM `location_cartype_model` [ RunTime:0.375846s ]
[ 2012-08-01T18:37:37+08:00 ] SQL: SELECT * FROM `location_cartype_model` WHERE ( `CAR_MODEL_CODE` = 'BENCHIAMG-BENCHISJIAMG-3-6.0-AMT' ) AND ( `LOCATION_CODE` = 'GONGSI-440304-1' ) LIMIT 1  [ RunTime:0.379511s ]
[ 2012-08-01T18:37:42+08:00 ] SQL: 增值服务SQL：SELECT * FROM `uni_option` WHERE location_code='GONGSI-440304-1' and (rate_code='LOC' or rate_code is NULL) AND LEFT(NOW(),10)=START_DATE  and option_id not in (1)
